02/27/2024 11:08:06	Reading UID database.
02/27/2024 11:08:06	Start loading STAAD model.
02/27/2024 11:08:06	Reading model file.
02/27/2024 11:08:06	Reading model file is complete.
02/27/2024 11:08:06	Processing support.
02/27/2024 11:08:06	Processing springs.
02/27/2024 11:08:06	Processing properties.
02/27/2024 11:08:06	Processing physical properties.
02/27/2024 11:08:06	Processing constants.
02/27/2024 11:08:06	Processing BETA constants.
02/27/2024 11:08:06	Processing hidden analytical member loads.
02/27/2024 11:08:06	Processing command list for member release.
02/27/2024 11:08:06	Processing command list for member offset.
02/27/2024 11:08:06	Processing command list for member specs (cracked).
02/27/2024 11:08:06	Processing command list for member specs (axial).
02/27/2024 11:08:06	Processing command list for element release.
02/27/2024 11:08:06	Processing command list for element offset.
02/27/2024 11:08:06	Processing command list for element plate stress directive.
02/27/2024 11:08:06	Processing parameter for Chinese wind load case.
02/27/2024 11:08:06	End Processing command list.
02/27/2024 11:08:06	End loading STAAD model.
02/27/2024 11:08:07	Start Post Analysis method
02/27/2024 11:08:07	Removed all hidden plates from surfaces
02/27/2024 11:08:07	Removed all hidden plates
02/27/2024 11:08:07	Removed all hidden nodes
02/27/2024 11:08:07	Loading results from MSH file...
02/27/2024 11:08:07	Building result indices...
02/27/2024 11:08:07	Loading plate stress results...
02/27/2024 11:08:07	Set analysis report setup data
02/27/2024 11:08:07	Starting page setup...
02/27/2024 11:08:07	Page setup completed
02/27/2024 11:08:07	Setting available workflows...
02/27/2024 11:08:07	Post analysis method ends
